<?xml version="1.0" encoding="UTF-8"?>
<!-- Generated by org.testng.reporters.JUnitReportReporter -->
<testsuite skipped="2" hostname="Jai-PC" name="TestRunner" tests="2" failures="0" timestamp="29 Dec 2018 13:29:27 GMT" time="0.427" errors="0">
  <testcase name="runScenario" time="0.033" classname="TestRunner">
    <skipped/>
  </testcase> <!-- runScenario -->
  <testcase name="runScenario" time="0.394" classname="TestRunner">
    <skipped/>
  </testcase> <!-- runScenario -->
</testsuite> <!-- TestRunner -->
